{
 "cells": [
  {
   "cell_type": "code",
   "execution_count": 2,
   "metadata": {},
   "outputs": [],
   "source": [
    "import time\n",
    "from db_connection import get_db_connection, close_db_connection\n",
    "from select_queries import get_billing_by_user, get_appointments_by_doctor, get_user"
   ]
  },
  {
   "cell_type": "code",
   "execution_count": 3,
   "metadata": {},
   "outputs": [],
   "source": [
    "def analyse_query(query_function, *arg, **kwargs):\n",
    "    # start the db connection \n",
    "    conn = get_db_connection() \n",
    "\n",
    "    kwargs['analysis_mode'] = True\n",
    "    for key, value in kwargs.items():\n",
    "        print(key, value) \n",
    "    \n",
    "    start = time.time()\n",
    "    result = query_function(conn, *arg, **kwargs) \n",
    "    end = time.time()\n",
    "    print(\"Time elapsed: \", end - start)\n",
    "    return result \n",
    "\n",
    "\n",
    "# analyse_query(get_billing_by_user, 251)"
   ]
  },
  {
   "cell_type": "code",
   "execution_count": 5,
   "metadata": {},
   "outputs": [
    {
     "name": "stdout",
     "output_type": "stream",
     "text": [
      "analysis_mode True\n",
      "Time elapsed:  2.7390105724334717\n"
     ]
    },
    {
     "data": {
      "text/plain": [
       "{'status': 'success',\n",
       " 'analysis': [{'appointment_index': [{'Table': 'appointment',\n",
       "     'Non_unique': 0,\n",
       "     'Key_name': 'PRIMARY',\n",
       "     'Seq_in_index': 1,\n",
       "     'Column_name': 'appointment_id',\n",
       "     'Collation': 'A',\n",
       "     'Cardinality': 0,\n",
       "     'Sub_part': None,\n",
       "     'Packed': None,\n",
       "     'Null': '',\n",
       "     'Index_type': 'BTREE',\n",
       "     'Comment': '',\n",
       "     'Index_comment': '',\n",
       "     'Visible': 'YES',\n",
       "     'Expression': None},\n",
       "    {'Table': 'appointment',\n",
       "     'Non_unique': 1,\n",
       "     'Key_name': 'patient_id_fk',\n",
       "     'Seq_in_index': 1,\n",
       "     'Column_name': 'patient_id_fk',\n",
       "     'Collation': 'A',\n",
       "     'Cardinality': 0,\n",
       "     'Sub_part': None,\n",
       "     'Packed': None,\n",
       "     'Null': '',\n",
       "     'Index_type': 'BTREE',\n",
       "     'Comment': '',\n",
       "     'Index_comment': '',\n",
       "     'Visible': 'YES',\n",
       "     'Expression': None},\n",
       "    {'Table': 'appointment',\n",
       "     'Non_unique': 1,\n",
       "     'Key_name': 'idx_appointment_doctor_patient',\n",
       "     'Seq_in_index': 1,\n",
       "     'Column_name': 'doctor_id_fk',\n",
       "     'Collation': 'A',\n",
       "     'Cardinality': 0,\n",
       "     'Sub_part': None,\n",
       "     'Packed': None,\n",
       "     'Null': 'YES',\n",
       "     'Index_type': 'BTREE',\n",
       "     'Comment': '',\n",
       "     'Index_comment': '',\n",
       "     'Visible': 'YES',\n",
       "     'Expression': None},\n",
       "    {'Table': 'appointment',\n",
       "     'Non_unique': 1,\n",
       "     'Key_name': 'idx_appointment_doctor_patient',\n",
       "     'Seq_in_index': 2,\n",
       "     'Column_name': 'patient_id_fk',\n",
       "     'Collation': 'A',\n",
       "     'Cardinality': 0,\n",
       "     'Sub_part': None,\n",
       "     'Packed': None,\n",
       "     'Null': '',\n",
       "     'Index_type': 'BTREE',\n",
       "     'Comment': '',\n",
       "     'Index_comment': '',\n",
       "     'Visible': 'YES',\n",
       "     'Expression': None},\n",
       "    {'Table': 'appointment',\n",
       "     'Non_unique': 1,\n",
       "     'Key_name': 'doctor_id_fk',\n",
       "     'Seq_in_index': 1,\n",
       "     'Column_name': 'doctor_id_fk',\n",
       "     'Collation': 'A',\n",
       "     'Cardinality': 0,\n",
       "     'Sub_part': None,\n",
       "     'Packed': None,\n",
       "     'Null': 'YES',\n",
       "     'Index_type': 'BTREE',\n",
       "     'Comment': '',\n",
       "     'Index_comment': '',\n",
       "     'Visible': 'YES',\n",
       "     'Expression': None}]},\n",
       "  {'patient_index': [{'Table': 'patient',\n",
       "     'Non_unique': 0,\n",
       "     'Key_name': 'PRIMARY',\n",
       "     'Seq_in_index': 1,\n",
       "     'Column_name': 'patient_id',\n",
       "     'Collation': 'A',\n",
       "     'Cardinality': 7200,\n",
       "     'Sub_part': None,\n",
       "     'Packed': None,\n",
       "     'Null': '',\n",
       "     'Index_type': 'BTREE',\n",
       "     'Comment': '',\n",
       "     'Index_comment': '',\n",
       "     'Visible': 'YES',\n",
       "     'Expression': None},\n",
       "    {'Table': 'patient',\n",
       "     'Non_unique': 0,\n",
       "     'Key_name': 'phone_number',\n",
       "     'Seq_in_index': 1,\n",
       "     'Column_name': 'phone_number',\n",
       "     'Collation': 'A',\n",
       "     'Cardinality': 7200,\n",
       "     'Sub_part': None,\n",
       "     'Packed': None,\n",
       "     'Null': '',\n",
       "     'Index_type': 'BTREE',\n",
       "     'Comment': '',\n",
       "     'Index_comment': '',\n",
       "     'Visible': 'YES',\n",
       "     'Expression': None},\n",
       "    {'Table': 'patient',\n",
       "     'Non_unique': 1,\n",
       "     'Key_name': 'user_id_fk',\n",
       "     'Seq_in_index': 1,\n",
       "     'Column_name': 'user_id_fk',\n",
       "     'Collation': 'A',\n",
       "     'Cardinality': 7200,\n",
       "     'Sub_part': None,\n",
       "     'Packed': None,\n",
       "     'Null': '',\n",
       "     'Index_type': 'BTREE',\n",
       "     'Comment': '',\n",
       "     'Index_comment': '',\n",
       "     'Visible': 'YES',\n",
       "     'Expression': None}]},\n",
       "  {'user_index': [{'Table': 'user',\n",
       "     'Non_unique': 0,\n",
       "     'Key_name': 'PRIMARY',\n",
       "     'Seq_in_index': 1,\n",
       "     'Column_name': 'user_id',\n",
       "     'Collation': 'A',\n",
       "     'Cardinality': 0,\n",
       "     'Sub_part': None,\n",
       "     'Packed': None,\n",
       "     'Null': '',\n",
       "     'Index_type': 'BTREE',\n",
       "     'Comment': '',\n",
       "     'Index_comment': '',\n",
       "     'Visible': 'YES',\n",
       "     'Expression': None},\n",
       "    {'Table': 'user',\n",
       "     'Non_unique': 0,\n",
       "     'Key_name': 'username',\n",
       "     'Seq_in_index': 1,\n",
       "     'Column_name': 'username',\n",
       "     'Collation': 'A',\n",
       "     'Cardinality': 0,\n",
       "     'Sub_part': None,\n",
       "     'Packed': None,\n",
       "     'Null': '',\n",
       "     'Index_type': 'BTREE',\n",
       "     'Comment': '',\n",
       "     'Index_comment': '',\n",
       "     'Visible': 'YES',\n",
       "     'Expression': None},\n",
       "    {'Table': 'user',\n",
       "     'Non_unique': 0,\n",
       "     'Key_name': 'email',\n",
       "     'Seq_in_index': 1,\n",
       "     'Column_name': 'email',\n",
       "     'Collation': 'A',\n",
       "     'Cardinality': 0,\n",
       "     'Sub_part': None,\n",
       "     'Packed': None,\n",
       "     'Null': '',\n",
       "     'Index_type': 'BTREE',\n",
       "     'Comment': '',\n",
       "     'Index_comment': '',\n",
       "     'Visible': 'YES',\n",
       "     'Expression': None},\n",
       "    {'Table': 'user',\n",
       "     'Non_unique': 1,\n",
       "     'Key_name': 'role_id_fk',\n",
       "     'Seq_in_index': 1,\n",
       "     'Column_name': 'role_id_fk',\n",
       "     'Collation': 'A',\n",
       "     'Cardinality': 0,\n",
       "     'Sub_part': None,\n",
       "     'Packed': None,\n",
       "     'Null': '',\n",
       "     'Index_type': 'BTREE',\n",
       "     'Comment': '',\n",
       "     'Index_comment': '',\n",
       "     'Visible': 'YES',\n",
       "     'Expression': None}]},\n",
       "  {'scenario': 'normal',\n",
       "   'query_exec_time_seconds': 0.9290571212768555,\n",
       "   'fetch_time_seconds': 0.0,\n",
       "   'memory_used_MB': 4.77734375,\n",
       "   'result_count': 2000,\n",
       "   'EXPLAIN_ANALYSIS_result': [{'EXPLAIN': '-> Nested loop inner join  (cost=1673 rows=2000) (actual time=0.395..9.6 rows=2000 loops=1)\\n    -> Nested loop inner join  (cost=973 rows=2000) (actual time=0.388..6.52 rows=2000 loops=1)\\n        -> Index lookup on a using idx_appointment_doctor_patient (doctor_id_fk=7501)  (cost=273 rows=2000) (actual time=0.378..3.51 rows=2000 loops=1)\\n        -> Single-row index lookup on p using PRIMARY (patient_id=a.patient_id_fk)  (cost=0.25 rows=1) (actual time=0.0013..0.00132 rows=1 loops=2000)\\n    -> Single-row index lookup on u using PRIMARY (user_id=p.user_id_fk)  (cost=0.25 rows=1) (actual time=0.00134..0.00136 rows=1 loops=2000)\\n'}]},\n",
       "  {'scenario': 'ignore_index',\n",
       "   'query_exec_time_seconds': 0.40510988235473633,\n",
       "   'fetch_time_seconds': 0.0,\n",
       "   'memory_used_MB': 1.953125,\n",
       "   'result_count': 2000,\n",
       "   'EXPLAIN_ANALYSIS_result': [{'EXPLAIN': '-> Inner hash join (u.user_id = p.user_id_fk)  (cost=4.62e+6 rows=2182) (actual time=8.51..16.7 rows=2000 loops=1)\\n    -> Table scan on u  (cost=0.0607 rows=15912) (actual time=0.0268..6.36 rows=15001 loops=1)\\n    -> Hash\\n        -> Inner hash join (p.patient_id = a.patient_id_fk)  (cost=1.44e+6 rows=2000) (actual time=4.04..7.88 rows=2000 loops=1)\\n            -> Table scan on p  (cost=0.0289 rows=7200) (actual time=0.226..3.07 rows=7499 loops=1)\\n            -> Hash\\n                -> Index lookup on a using idx_appointment_doctor_patient (doctor_id_fk=7501)  (cost=273 rows=2000) (actual time=0.422..3.31 rows=2000 loops=1)\\n'}]}]}"
      ]
     },
     "execution_count": 5,
     "metadata": {},
     "output_type": "execute_result"
    }
   ],
   "source": [
    "analyse_query(get_appointments_by_doctor, 7501) "
   ]
  },
  {
   "cell_type": "code",
   "execution_count": 4,
   "metadata": {},
   "outputs": [
    {
     "name": "stdout",
     "output_type": "stream",
     "text": [
      "SSH Tunnel established on port 3307\n",
      "Connection pool created\n",
      "email patient.1@example.com\n",
      "password password\n",
      "analysis_mode True\n",
      "Time elapsed:  1.755594253540039\n"
     ]
    },
    {
     "data": {
      "text/plain": [
       "{'status': 'error',\n",
       " 'message': 'Incorrect password.',\n",
       " 'analysis': [{'scenario': 'normal',\n",
       "   'query_exec_time_seconds': 0.7365055084228516,\n",
       "   'fetch_time_seconds': 0.0,\n",
       "   'memory_used_MB': 0.0,\n",
       "   'result_count': 1,\n",
       "   'EXPLAIN_ANALYSIS_result': [{'EXPLAIN': '-> Rows fetched before execution  (cost=0..0 rows=1) (actual time=87e-6..154e-6 rows=1 loops=1)\\n'}]},\n",
       "  {'scenario': 'ignore_index',\n",
       "   'query_exec_time_seconds': 0.3007848262786865,\n",
       "   'fetch_time_seconds': 0.0,\n",
       "   'memory_used_MB': 0.0,\n",
       "   'result_count': 1,\n",
       "   'EXPLAIN_ANALYSIS_result': [{'EXPLAIN': \"-> Filter: (`user`.email = 'patient.1@example.com')  (cost=7347 rows=1) (actual time=0.128..57.5 rows=1 loops=1)\\n    -> Table scan on user  (cost=7347 rows=71628) (actual time=0.122..50.8 rows=77379 loops=1)\\n\"}]}]}"
      ]
     },
     "execution_count": 4,
     "metadata": {},
     "output_type": "execute_result"
    }
   ],
   "source": [
    "analyse_query(get_user,email=\"patient.1@example.com\",password=\"password\") "
   ]
  },
  {
   "cell_type": "markdown",
   "metadata": {},
   "source": []
  }
 ],
 "metadata": {
  "kernelspec": {
   "display_name": "env",
   "language": "python",
   "name": "python3"
  },
  "language_info": {
   "codemirror_mode": {
    "name": "ipython",
    "version": 3
   },
   "file_extension": ".py",
   "mimetype": "text/x-python",
   "name": "python",
   "nbconvert_exporter": "python",
   "pygments_lexer": "ipython3",
   "version": "3.12.3"
  }
 },
 "nbformat": 4,
 "nbformat_minor": 2
}
